# JRE version: OpenJDK Runtime Environment (15.0.1+9) (build 15.0.1+9-18)
# Java VM: OpenJDK 64-Bit Server VM (15.0.1+9-18, mixed mode, sharing, tiered, compressed oops, g1 gc, windows-amd64)
GC Precious Log:
 CPUs: 16 total, 16 available
 Memory: 16332M
 Large Page Support: Disabled
 NUMA Support: Disabled
 Compressed Oops: Enabled (Zero based)
 Heap Region Size: 2M
 Heap Min Capacity: 8M
 Heap Initial Capacity: 256M
 Heap Max Capacity: 4084M
 Pre-touch: Disabled
 Parallel Workers: 13
 Concurrent Workers: 3
 Concurrent Refinement Workers: 13
 Periodic GC: Disabled
Heap:
 garbage-first heap   total 262144K, used 191158K [0x0000000700c00000, 0x0000000800000000)
  region size 2048K, 76 young (155648K), 4 survivors (8192K)
 Metaspace       used 9240K, capacity 9474K, committed 9728K, reserved 1058816K
  class space    used 927K, capacity 983K, committed 1024K, reserved 1048576K
GC Heap History (13 events):
Event: 1.272 GC heap before
{Heap before GC invocations=0 (full 0):
 garbage-first heap   total 262144K, used 20480K [0x0000000700c00000, 0x0000000800000000)
  region size 2048K, 11 young (22528K), 0 survivors (0K)
 Metaspace       used 1990K, capacity 4723K, committed 4864K, reserved 1056768K
  class space    used 192K, capacity 448K, committed 512K, reserved 1048576K
}
Event: 1.278 GC heap after
{Heap after GC invocations=1 (full 0):
 garbage-first heap   total 262144K, used 5207K [0x0000000700c00000, 0x0000000800000000)
  region size 2048K, 2 young (4096K), 2 survivors (4096K)
 Metaspace       used 1990K, capacity 4723K, committed 4864K, reserved 1056768K
  class space    used 192K, capacity 448K, committed 512K, reserved 1048576K
}
Event: 2.158 GC heap before
{Heap before GC invocations=1 (full 0):
 garbage-first heap   total 262144K, used 56407K [0x0000000700c00000, 0x0000000800000000)
  region size 2048K, 14 young (28672K), 2 survivors (4096K)
 Metaspace       used 8549K, capacity 8674K, committed 8960K, reserved 1056768K
  class space    used 906K, capacity 951K, committed 1024K, reserved 1048576K
}
Event: 2.162 GC heap after
{Heap after GC invocations=2 (full 0):
 garbage-first heap   total 262144K, used 37410K [0x0000000700c00000, 0x0000000800000000)
  region size 2048K, 2 young (4096K), 2 survivors (4096K)
 Metaspace       used 8549K, capacity 8674K, committed 8960K, reserved 1056768K
  class space    used 906K, capacity 951K, committed 1024K, reserved 1048576K
}
Event: 2.396 GC heap before
{Heap before GC invocations=2 (full 0):
 garbage-first heap   total 262144K, used 70178K [0x0000000700c00000, 0x0000000800000000)
  region size 2048K, 19 young (38912K), 2 survivors (4096K)
 Metaspace       used 8625K, capacity 8802K, committed 8960K, reserved 1056768K
  class space    used 908K, capacity 951K, committed 1024K, reserved 1048576K
}
Event: 2.399 GC heap after
{Heap after GC invocations=3 (full 0):
 garbage-first heap   total 262144K, used 37909K [0x0000000700c00000, 0x0000000800000000)
  region size 2048K, 1 young (2048K), 1 survivors (2048K)
 Metaspace       used 8625K, capacity 8802K, committed 8960K, reserved 1056768K
  class space    used 908K, capacity 951K, committed 1024K, reserved 1048576K
}
Event: 5.155 GC heap before
{Heap before GC invocations=3 (full 0):
 garbage-first heap   total 262144K, used 189461K [0x0000000700c00000, 0x0000000800000000)
  region size 2048K, 76 young (155648K), 1 survivors (2048K)
 Metaspace       used 9036K, capacity 9282K, committed 9472K, reserved 1058816K
  class space    used 912K, capacity 983K, committed 1024K, reserved 1048576K
}
Event: 5.160 GC heap after
{Heap after GC invocations=4 (full 0):
 garbage-first heap   total 262144K, used 43366K [0x0000000700c00000, 0x0000000800000000)
  region size 2048K, 3 young (6144K), 3 survivors (6144K)
 Metaspace       used 9036K, capacity 9282K, committed 9472K, reserved 1058816K
  class space    used 912K, capacity 983K, committed 1024K, reserved 1048576K
}
Event: 6.791 GC heap before
{Heap before GC invocations=4 (full 0):
 garbage-first heap   total 262144K, used 190822K [0x0000000700c00000, 0x0000000800000000)
  region size 2048K, 76 young (155648K), 3 survivors (6144K)
 Metaspace       used 9167K, capacity 9346K, committed 9472K, reserved 1058816K
  class space    used 927K, capacity 983K, committed 1024K, reserved 1048576K
}
Event: 6.793 GC heap after
{Heap after GC invocations=5 (full 0):
 garbage-first heap   total 262144K, used 43950K [0x0000000700c00000, 0x0000000800000000)
  region size 2048K, 4 young (8192K), 4 survivors (8192K)
 Metaspace       used 9167K, capacity 9346K, committed 9472K, reserved 1058816K
  class space    used 927K, capacity 983K, committed 1024K, reserved 1048576K
}
Event: 8.900 GC heap before
{Heap before GC invocations=5 (full 0):
 garbage-first heap   total 262144K, used 189358K [0x0000000700c00000, 0x0000000800000000)
  region size 2048K, 76 young (155648K), 4 survivors (8192K)
 Metaspace       used 9227K, capacity 9410K, committed 9472K, reserved 1058816K
  class space    used 927K, capacity 983K, committed 1024K, reserved 1048576K
}
Event: 8.904 GC heap after
{Heap after GC invocations=6 (full 0):
 garbage-first heap   total 262144K, used 43958K [0x0000000700c00000, 0x0000000800000000)
  region size 2048K, 4 young (8192K), 4 survivors (8192K)
 Metaspace       used 9227K, capacity 9410K, committed 9472K, reserved 1058816K
  class space    used 927K, capacity 983K, committed 1024K, reserved 1048576K
}
Event: 11.749 GC heap before
{Heap before GC invocations=6 (full 0):
 garbage-first heap   total 262144K, used 189366K [0x0000000700c00000, 0x0000000800000000)
  region size 2048K, 76 young (155648K), 4 survivors (8192K)
 Metaspace       used 9240K, capacity 9474K, committed 9728K, reserved 1058816K
  class space    used 927K, capacity 983K, committed 1024K, reserved 1048576K
}

